<?xml version="1.0" encoding="UTF-8"?>
<!-- Generated by org.testng.reporters.JUnitReportReporter -->
<testsuite skipped="0" hostname="FI-VDI-C0000018" name="testCases.TC002_Extent_SuiteTest" tests="1" failures="0" timestamp="15 Jun 2017 09:39:40 GMT" time="0.006" errors="0">
  <testcase name="tc002" time="0.006" classname="testCases.TC002_Extent_SuiteTest"/>
</testsuite> <!-- testCases.TC002_Extent_SuiteTest -->
