<?xml version="1.0" encoding="UTF-8"?>
<!-- Generated by org.testng.reporters.JUnitReportReporter -->
<testsuite skipped="0" hostname="FI-VDI-C0000018" name="testCases.TC001_Extent_InitialSetup" tests="1" failures="0" timestamp="15 Jun 2017 11:12:34 GMT" time="0.032" errors="0">
  <testcase name="tc001" time="0.032" classname="testCases.TC001_Extent_InitialSetup"/>
</testsuite> <!-- testCases.TC001_Extent_InitialSetup -->
